<?xml version="1.0" encoding="UTF-8"?>
<!-- Generated by org.testng.reporters.JUnitXMLReporter -->
<testsuite hostname="EC2AMAZ-UMIME9S" ignored="0" name="bo_Orderable" tests="6" failures="6" timestamp="12 Oct 2018 11:01:44 GMT" time="0.063" errors="0">
  <testcase name="BO_Orderable_Max40_TempTicket" time="0.01" classname="bo_Orderable.BO_Orderable_Max40_TempTicket">
    <failure type="java.lang.NullPointerException">
      <![CDATA[java.lang.NullPointerException
at wrappers.Wrapper_methods.enterTextById(Wrapper_methods.java:66)
at bo_Orderable.BO_Orderable_Max40_TempTicket.BO_Orderable_Max40_TempTicket(BO_Orderable_Max40_TempTicket.java:18)
... Removed 25 stack frames]]>
    </failure>
  </testcase> <!-- BO_Orderable_Max40_TempTicket -->
  <testcase name="BO_Orderable_Max40_ValidGmail" time="0.005" classname="bo_Orderable.BO_Orderable_Max40_ValidGmail">
    <failure type="java.lang.NullPointerException">
      <![CDATA[java.lang.NullPointerException
at wrappers.Wrapper_methods.enterTextById(Wrapper_methods.java:66)
at bo_Orderable.BO_Orderable_Max40_ValidGmail.BO_Orderable_Max40_ValidGmail(BO_Orderable_Max40_ValidGmail.java:18)
... Removed 25 stack frames]]>
    </failure>
  </testcase> <!-- BO_Orderable_Max40_ValidGmail -->
  <testcase name="BO_Orderable_Min20_ValidOutlook" time="0.004" classname="bo_Orderable.BO_Orderable_Min20_ValidOutlook">
    <failure type="java.lang.NullPointerException">
      <![CDATA[java.lang.NullPointerException
at wrappers.Wrapper_methods.enterTextById(Wrapper_methods.java:66)
at bo_Orderable.BO_Orderable_Min20_ValidOutlook.BO_Orderable_Min20_ValidOutlook(BO_Orderable_Min20_ValidOutlook.java:18)
... Removed 25 stack frames]]>
    </failure>
  </testcase> <!-- BO_Orderable_Min20_ValidOutlook -->
  <testcase name="BO_Piece_Min20" time="0.004" classname="bo_Orderable.BO_Piece_Min20">
    <failure type="java.lang.NullPointerException">
      <![CDATA[java.lang.NullPointerException
at wrappers.Wrapper_methods.enterTextById(Wrapper_methods.java:66)
at bo_Orderable.BO_Piece_Min20.BO_Piece_Min20(BO_Piece_Min20.java:18)
... Removed 25 stack frames]]>
    </failure>
  </testcase> <!-- BO_Piece_Min20 -->
  <testcase name="Orderable_Max40" time="0.005" classname="bo_Orderable.Orderable_Max40">
    <failure type="java.lang.NullPointerException">
      <![CDATA[java.lang.NullPointerException
at wrappers.Wrapper_methods.enterTextById(Wrapper_methods.java:66)
at bo_Orderable.Orderable_Max40.Orderable_Max40(Orderable_Max40.java:18)
... Removed 25 stack frames]]>
    </failure>
  </testcase> <!-- Orderable_Max40 -->
  <testcase name="Orderable_Min20" time="0.003" classname="bo_Orderable.Orderable_Min20">
    <failure type="java.lang.NullPointerException">
      <![CDATA[java.lang.NullPointerException
at wrappers.Wrapper_methods.enterTextById(Wrapper_methods.java:66)
at bo_Orderable.Orderable_Min20.Orderable_Min20(Orderable_Min20.java:18)
... Removed 25 stack frames]]>
    </failure>
  </testcase> <!-- Orderable_Min20 -->
</testsuite> <!-- bo_Orderable -->
